<?xml version="1.0" encoding="UTF-8"?>
<testng-results skipped="0" failed="0" total="2" passed="2">
  <reporter-output>
  </reporter-output>
  <suite name="Suite" duration-ms="5204" started-at="2020-04-08T21:50:41Z" finished-at="2020-04-08T21:50:46Z">
    <groups>
    </groups>
    <test name="Test" duration-ms="5204" started-at="2020-04-08T21:50:41Z" finished-at="2020-04-08T21:50:46Z">
      <class name="functionaltest.ftat">
        <test-method status="PASS" signature="homePagetest()[pri:0, instance:functionaltest.ftat@75bd9247]" name="homePagetest" duration-ms="4807" started-at="2020-04-08T15:50:41Z" finished-at="2020-04-08T15:50:46Z">
          <reporter-output>
          </reporter-output>
        </test-method> <!-- homePagetest -->
        <test-method status="PASS" signature="logintest()[pri:0, instance:functionaltest.ftat@75bd9247]" name="logintest" duration-ms="371" started-at="2020-04-08T15:50:46Z" finished-at="2020-04-08T15:50:46Z">
          <reporter-output>
          </reporter-output>
        </test-method> <!-- logintest -->
      </class> <!-- functionaltest.ftat -->
    </test> <!-- Test -->
  </suite> <!-- Suite -->
</testng-results>
